<?xml version="1.0" encoding="UTF-8"?>
<!-- Generated by org.testng.reporters.JUnitReportReporter -->
<testsuite hostname="HGT-LAP-359" failures="0" tests="1" name="TestCase.TC_RelatedToWorkflows" time="184.161" errors="0" timestamp="2024-08-06T12:45:05 IST" skipped="0">
  <testcase classname="TestCase.TC_RelatedToWorkflows" name="verifyUserPageSelectRecipient" time="184.161"/>
  <system-out/>
</testsuite> <!-- TestCase.TC_RelatedToWorkflows -->
