<?xml version="1.0" encoding="UTF-8"?>
<!-- Generated by org.testng.reporters.JUnitReportReporter -->
<testsuite hostname="HGT-LAP-359" failures="0" tests="1" name="TestCase.globalVariable" time="178.695" errors="0" timestamp="2024-08-21T15:52:54 IST" skipped="0">
  <testcase classname="TestCase.globalVariable" name="aa" time="178.695"/>
  <system-out/>
</testsuite> <!-- TestCase.globalVariable -->
