<?xml version="1.0" encoding="UTF-8"?>
<!-- Generated by org.testng.reporters.JUnitReportReporter -->
<testsuite hostname="HGT-LAP-359" failures="0" tests="1" name="TestCase.entityRelation" time="167.254" errors="0" timestamp="2024-08-28T15:19:30 IST" skipped="0">
  <testcase classname="TestCase.entityRelation" name="FilterGVFieldLessThanorEqualOperator" time="167.254"/>
  <system-out/>
</testsuite> <!-- TestCase.entityRelation -->
